{"C:\\Users\\Sravani Kumari\\Desktop\\Reactjs\\src\\config.js": {"path":"C:\\Users\\Sravani Kumari\\Desktop\\Reactjs\\src\\config.js","statementMap":{"0":{"start":{"line":1,"column":25},"end":{"line":1,"column":79}},"1":{"start":{"line":3,"column":29},"end":{"line":1814,"column":3}}},"fnMap":{},"branchMap":{},"s":{"0":2,"1":2},"f":{},"b":{},"_coverageSchema":"1a1c01bbd47fc00a2c39e90264f33305004495a9","hash":"a6d06b5c55fb3901fdc4cd226802cff2e95c72eb"}
,"C:\\Users\\Sravani Kumari\\Desktop\\Reactjs\\src\\components\\Body.js": {"path":"C:\\Users\\Sravani Kumari\\Desktop\\Reactjs\\src\\components\\Body.js","statementMap":{"0":{"start":{"line":12,"column":11},"end":{"line":90,"column":2}},"1":{"start":{"line":14,"column":24},"end":{"line":14,"column":45}},"2":{"start":{"line":16,"column":54},"end":{"line":16,"column":78}},"3":{"start":{"line":19,"column":36},"end":{"line":19,"column":46}},"4":{"start":{"line":20,"column":24},"end":{"line":20,"column":47}},"5":{"start":{"line":22,"column":3},"end":{"line":24,"column":23}},"6":{"start":{"line":23,"column":6},"end":{"line":23,"column":45}},"7":{"start":{"line":26,"column":19},"end":{"line":26,"column":30}},"8":{"start":{"line":27,"column":4},"end":{"line":29,"column":4}},"9":{"start":{"line":28,"column":6},"end":{"line":28,"column":78}},"10":{"start":{"line":33,"column":3},"end":{"line":33,"column":41}},"11":{"start":{"line":33,"column":23},"end":{"line":33,"column":41}},"12":{"start":{"line":39,"column":4},"end":{"line":87,"column":5}},"13":{"start":{"line":44,"column":12},"end":{"line":44,"column":41}},"14":{"start":{"line":48,"column":24},"end":{"line":48,"column":61}},"15":{"start":{"line":49,"column":12},"end":{"line":49,"column":41}},"16":{"start":{"line":54,"column":12},"end":{"line":58,"column":11}},"17":{"start":{"line":62,"column":12},"end":{"line":66,"column":11}},"18":{"start":{"line":78,"column":10},"end":{"line":78,"column":134}}},"fnMap":{"0":{"name":"(anonymous_0)","decl":{"start":{"line":12,"column":11},"end":{"line":12,"column":12}},"loc":{"start":{"line":12,"column":15},"end":{"line":90,"column":2}},"line":12},"1":{"name":"(anonymous_1)","decl":{"start":{"line":22,"column":13},"end":{"line":22,"column":14}},"loc":{"start":{"line":22,"column":24},"end":{"line":24,"column":4}},"line":22},"2":{"name":"(anonymous_2)","decl":{"start":{"line":43,"column":19},"end":{"line":43,"column":20}},"loc":{"start":{"line":44,"column":12},"end":{"line":44,"column":41}},"line":44},"3":{"name":"(anonymous_3)","decl":{"start":{"line":47,"column":72},"end":{"line":47,"column":73}},"loc":{"start":{"line":47,"column":76},"end":{"line":50,"column":10}},"line":47},"4":{"name":"(anonymous_4)","decl":{"start":{"line":54,"column":9},"end":{"line":54,"column":10}},"loc":{"start":{"line":54,"column":12},"end":{"line":58,"column":11}},"line":54},"5":{"name":"(anonymous_5)","decl":{"start":{"line":62,"column":9},"end":{"line":62,"column":10}},"loc":{"start":{"line":62,"column":12},"end":{"line":66,"column":11}},"line":62},"6":{"name":"(anonymous_6)","decl":{"start":{"line":77,"column":33},"end":{"line":77,"column":34}},"loc":{"start":{"line":77,"column":48},"end":{"line":79,"column":10}},"line":77}},"branchMap":{"0":{"loc":{"start":{"line":27,"column":4},"end":{"line":29,"column":4}},"type":"if","locations":[{"start":{"line":27,"column":4},"end":{"line":29,"column":4}},{"start":{},"end":{}}],"line":27},"1":{"loc":{"start":{"line":33,"column":3},"end":{"line":33,"column":41}},"type":"if","locations":[{"start":{"line":33,"column":3},"end":{"line":33,"column":41}},{"start":{},"end":{}}],"line":33},"2":{"loc":{"start":{"line":39,"column":11},"end":{"line":87,"column":5}},"type":"cond-expr","locations":[{"start":{"line":39,"column":40},"end":{"line":39,"column":50}},{"start":{"line":40,"column":5},"end":{"line":86,"column":10}}],"line":39},"3":{"loc":{"start":{"line":75,"column":8},"end":{"line":80,"column":21}},"type":"cond-expr","locations":[{"start":{"line":77,"column":9},"end":{"line":79,"column":11}},{"start":{"line":80,"column":11},"end":{"line":80,"column":21}}],"line":75}},"s":{"0":1,"1":6,"2":5,"3":5,"4":5,"5":5,"6":2,"7":5,"8":5,"9":0,"10":5,"11":1,"12":4,"13":1,"14":1,"15":1,"16":0,"17":0,"18":41},"f":{"0":6,"1":2,"2":1,"3":1,"4":0,"5":0,"6":41},"b":{"0":[0,5],"1":[1,4],"2":[0,4],"3":[3,1]},"_coverageSchema":"1a1c01bbd47fc00a2c39e90264f33305004495a9","hash":"73c7745fa1f159e6854ea45622e423718ff78bdb"}
,"C:\\Users\\Sravani Kumari\\Desktop\\Reactjs\\src\\components\\Header.js": {"path":"C:\\Users\\Sravani Kumari\\Desktop\\Reactjs\\src\\components\\Header.js","statementMap":{"0":{"start":{"line":10,"column":19},"end":{"line":13,"column":1}},"1":{"start":{"line":12,"column":3},"end":{"line":12,"column":15}},"2":{"start":{"line":15,"column":12},"end":{"line":17,"column":3}},"3":{"start":{"line":16,"column":4},"end":{"line":16,"column":107}},"4":{"start":{"line":20,"column":14},"end":{"line":53,"column":3}},"5":{"start":{"line":21,"column":35},"end":{"line":21,"column":50}},"6":{"start":{"line":22,"column":18},"end":{"line":22,"column":29}},"7":{"start":{"line":24,"column":16},"end":{"line":24,"column":39}},"8":{"start":{"line":25,"column":19},"end":{"line":25,"column":57}},"9":{"start":{"line":25,"column":40},"end":{"line":25,"column":56}},"10":{"start":{"line":26,"column":3},"end":{"line":26,"column":26}},"11":{"start":{"line":27,"column":5},"end":{"line":52,"column":6}},"12":{"start":{"line":47,"column":45},"end":{"line":47,"column":65}},"13":{"start":{"line":47,"column":104},"end":{"line":47,"column":123}}},"fnMap":{"0":{"name":"(anonymous_0)","decl":{"start":{"line":10,"column":19},"end":{"line":10,"column":20}},"loc":{"start":{"line":10,"column":23},"end":{"line":13,"column":1}},"line":10},"1":{"name":"(anonymous_1)","decl":{"start":{"line":15,"column":12},"end":{"line":15,"column":13}},"loc":{"start":{"line":15,"column":16},"end":{"line":17,"column":3}},"line":15},"2":{"name":"(anonymous_2)","decl":{"start":{"line":20,"column":14},"end":{"line":20,"column":15}},"loc":{"start":{"line":20,"column":18},"end":{"line":53,"column":3}},"line":20},"3":{"name":"(anonymous_3)","decl":{"start":{"line":25,"column":31},"end":{"line":25,"column":32}},"loc":{"start":{"line":25,"column":40},"end":{"line":25,"column":56}},"line":25},"4":{"name":"(anonymous_4)","decl":{"start":{"line":47,"column":41},"end":{"line":47,"column":42}},"loc":{"start":{"line":47,"column":45},"end":{"line":47,"column":65}},"line":47},"5":{"name":"(anonymous_5)","decl":{"start":{"line":47,"column":100},"end":{"line":47,"column":101}},"loc":{"start":{"line":47,"column":104},"end":{"line":47,"column":123}},"line":47}},"branchMap":{"0":{"loc":{"start":{"line":44,"column":44},"end":{"line":44,"column":63}},"type":"cond-expr","locations":[{"start":{"line":44,"column":55},"end":{"line":44,"column":58}},{"start":{"line":44,"column":59},"end":{"line":44,"column":63}}],"line":44},"1":{"loc":{"start":{"line":47,"column":12},"end":{"line":47,"column":140}},"type":"cond-expr","locations":[{"start":{"line":47,"column":24},"end":{"line":47,"column":82}},{"start":{"line":47,"column":83},"end":{"line":47,"column":140}}],"line":47}},"s":{"0":2,"1":0,"2":2,"3":6,"4":2,"5":6,"6":6,"7":6,"8":6,"9":12,"10":6,"11":6,"12":0,"13":0},"f":{"0":0,"1":6,"2":6,"3":12,"4":0,"5":0},"b":{"0":[6,0],"1":[0,6]},"_coverageSchema":"1a1c01bbd47fc00a2c39e90264f33305004495a9","hash":"37ba7d63bb49bb5e98364d5fcd5fa6e6902d28c2"}
,"C:\\Users\\Sravani Kumari\\Desktop\\Reactjs\\src\\components\\RestaurantCard.js": {"path":"C:\\Users\\Sravani Kumari\\Desktop\\Reactjs\\src\\components\\RestaurantCard.js","statementMap":{"0":{"start":{"line":5,"column":21},"end":{"line":27,"column":2}},"1":{"start":{"line":6,"column":15},"end":{"line":6,"column":38}},"2":{"start":{"line":8,"column":4},"end":{"line":26,"column":5}}},"fnMap":{"0":{"name":"(anonymous_0)","decl":{"start":{"line":5,"column":21},"end":{"line":5,"column":22}},"loc":{"start":{"line":5,"column":70},"end":{"line":27,"column":2}},"line":5}},"branchMap":{},"s":{"0":1,"1":41,"2":41},"f":{"0":41},"b":{},"_coverageSchema":"1a1c01bbd47fc00a2c39e90264f33305004495a9","hash":"80dfe293212d2fe2ee4a49ac879852258a60eccd"}
,"C:\\Users\\Sravani Kumari\\Desktop\\Reactjs\\src\\components\\RestaurantMenu.js": {"path":"C:\\Users\\Sravani Kumari\\Desktop\\Reactjs\\src\\components\\RestaurantMenu.js","statementMap":{"0":{"start":{"line":10,"column":21},"end":{"line":83,"column":1}},"1":{"start":{"line":11,"column":15},"end":{"line":11,"column":26}},"2":{"start":{"line":12,"column":39},"end":{"line":12,"column":53}},"3":{"start":{"line":13,"column":44},"end":{"line":13,"column":58}},"4":{"start":{"line":16,"column":18},"end":{"line":16,"column":31}},"5":{"start":{"line":17,"column":18},"end":{"line":19,"column":1}},"6":{"start":{"line":18,"column":4},"end":{"line":18,"column":27}},"7":{"start":{"line":21,"column":4},"end":{"line":24,"column":9}},"8":{"start":{"line":22,"column":8},"end":{"line":22,"column":43}},"9":{"start":{"line":23,"column":8},"end":{"line":23,"column":26}},"10":{"start":{"line":27,"column":20},"end":{"line":27,"column":157}},"11":{"start":{"line":28,"column":20},"end":{"line":28,"column":37}},"12":{"start":{"line":29,"column":9},"end":{"line":29,"column":56}},"13":{"start":{"line":30,"column":26},"end":{"line":30,"column":63}},"14":{"start":{"line":31,"column":9},"end":{"line":31,"column":34}},"15":{"start":{"line":32,"column":24},"end":{"line":32,"column":112}},"16":{"start":{"line":33,"column":9},"end":{"line":33,"column":42}},"17":{"start":{"line":34,"column":9},"end":{"line":34,"column":37}},"18":{"start":{"line":42,"column":4},"end":{"line":81,"column":5}},"19":{"start":{"line":67,"column":24},"end":{"line":69,"column":29}},"20":{"start":{"line":68,"column":95},"end":{"line":68,"column":112}}},"fnMap":{"0":{"name":"(anonymous_0)","decl":{"start":{"line":10,"column":21},"end":{"line":10,"column":22}},"loc":{"start":{"line":10,"column":25},"end":{"line":83,"column":1}},"line":10},"1":{"name":"(anonymous_1)","decl":{"start":{"line":17,"column":18},"end":{"line":17,"column":19}},"loc":{"start":{"line":17,"column":26},"end":{"line":19,"column":1}},"line":17},"2":{"name":"(anonymous_2)","decl":{"start":{"line":21,"column":14},"end":{"line":21,"column":15}},"loc":{"start":{"line":21,"column":18},"end":{"line":24,"column":5}},"line":21},"3":{"name":"RestaurantsInfo","decl":{"start":{"line":26,"column":19},"end":{"line":26,"column":34}},"loc":{"start":{"line":26,"column":37},"end":{"line":36,"column":5}},"line":26},"4":{"name":"(anonymous_4)","decl":{"start":{"line":66,"column":55},"end":{"line":66,"column":56}},"loc":{"start":{"line":67,"column":24},"end":{"line":69,"column":29}},"line":67},"5":{"name":"(anonymous_5)","decl":{"start":{"line":68,"column":91},"end":{"line":68,"column":92}},"loc":{"start":{"line":68,"column":95},"end":{"line":68,"column":112}},"line":68}},"branchMap":{"0":{"loc":{"start":{"line":42,"column":11},"end":{"line":81,"column":5}},"type":"cond-expr","locations":[{"start":{"line":42,"column":26},"end":{"line":42,"column":36}},{"start":{"line":45,"column":8},"end":{"line":79,"column":14}}],"line":42},"1":{"loc":{"start":{"line":66,"column":20},"end":{"line":71,"column":30}},"type":"cond-expr","locations":[{"start":{"line":66,"column":36},"end":{"line":71,"column":22}},{"start":{"line":71,"column":25},"end":{"line":71,"column":30}}],"line":66}},"s":{"0":1,"1":2,"2":2,"3":2,"4":2,"5":2,"6":2,"7":2,"8":1,"9":1,"10":1,"11":1,"12":1,"13":1,"14":1,"15":1,"16":1,"17":1,"18":2,"19":20,"20":2},"f":{"0":2,"1":2,"2":1,"3":1,"4":20,"5":2},"b":{"0":[1,1],"1":[1,0]},"_coverageSchema":"1a1c01bbd47fc00a2c39e90264f33305004495a9","hash":"63e3d8f0fb64d249c25998db9d92cbdae4b974b0"}
,"C:\\Users\\Sravani Kumari\\Desktop\\Reactjs\\src\\components\\ShimmerUI.js": {"path":"C:\\Users\\Sravani Kumari\\Desktop\\Reactjs\\src\\components\\ShimmerUI.js","statementMap":{"0":{"start":{"line":1,"column":14},"end":{"line":11,"column":1}},"1":{"start":{"line":3,"column":2},"end":{"line":3,"column":35}},"2":{"start":{"line":5,"column":4},"end":{"line":10,"column":6}},"3":{"start":{"line":7,"column":45},"end":{"line":7,"column":136}}},"fnMap":{"0":{"name":"(anonymous_0)","decl":{"start":{"line":1,"column":14},"end":{"line":1,"column":15}},"loc":{"start":{"line":1,"column":18},"end":{"line":11,"column":1}},"line":1},"1":{"name":"(anonymous_1)","decl":{"start":{"line":7,"column":34},"end":{"line":7,"column":35}},"loc":{"start":{"line":7,"column":45},"end":{"line":7,"column":136}},"line":7}},"branchMap":{},"s":{"0":2,"1":3,"2":3,"3":30},"f":{"0":3,"1":30},"b":{},"_coverageSchema":"1a1c01bbd47fc00a2c39e90264f33305004495a9","hash":"5c97a71a58cb88cc24e012943bff0073303b506a"}
,"C:\\Users\\Sravani Kumari\\Desktop\\Reactjs\\src\\components\\sum.js": {"path":"C:\\Users\\Sravani Kumari\\Desktop\\Reactjs\\src\\components\\sum.js","statementMap":{"0":{"start":{"line":1,"column":17},"end":{"line":1,"column":29}},"1":{"start":{"line":1,"column":26},"end":{"line":1,"column":29}}},"fnMap":{"0":{"name":"(anonymous_0)","decl":{"start":{"line":1,"column":17},"end":{"line":1,"column":18}},"loc":{"start":{"line":1,"column":26},"end":{"line":1,"column":29}},"line":1}},"branchMap":{},"s":{"0":1,"1":1},"f":{"0":1},"b":{},"_coverageSchema":"1a1c01bbd47fc00a2c39e90264f33305004495a9","hash":"657fc6154fba576b1f7db3394d169479b83c3ed3"}
,"C:\\Users\\Sravani Kumari\\Desktop\\Reactjs\\src\\mocks\\data.js": {"path":"C:\\Users\\Sravani Kumari\\Desktop\\Reactjs\\src\\mocks\\data.js","statementMap":{"0":{"start":{"line":1,"column":23},"end":{"line":87616,"column":1}},"1":{"start":{"line":87621,"column":29},"end":{"line":94317,"column":1}}},"fnMap":{},"branchMap":{},"s":{"0":2,"1":2},"f":{},"b":{},"_coverageSchema":"1a1c01bbd47fc00a2c39e90264f33305004495a9","hash":"6e43274ba9d30a44177418f1a69c28b53b7d0be6"}
,"C:\\Users\\Sravani Kumari\\Desktop\\Reactjs\\src\\mocks\\dummyLogo.js": {"path":"C:\\Users\\Sravani Kumari\\Desktop\\Reactjs\\src\\mocks\\dummyLogo.js","statementMap":{},"fnMap":{},"branchMap":{},"s":{},"f":{},"b":{},"_coverageSchema":"1a1c01bbd47fc00a2c39e90264f33305004495a9","hash":"6d1d6349739f14ac3e3efe4b7440eee807857b74"}
,"C:\\Users\\Sravani Kumari\\Desktop\\Reactjs\\src\\utils\\UseContext.js": {"path":"C:\\Users\\Sravani Kumari\\Desktop\\Reactjs\\src\\utils\\UseContext.js","statementMap":{"0":{"start":{"line":3,"column":18},"end":{"line":8,"column":2}}},"fnMap":{},"branchMap":{},"s":{"0":3},"f":{},"b":{},"_coverageSchema":"1a1c01bbd47fc00a2c39e90264f33305004495a9","hash":"f75f18d5b5dc94498c87879e5bbc85d20d0cbe8f"}
,"C:\\Users\\Sravani Kumari\\Desktop\\Reactjs\\src\\utils\\cartSlice.js": {"path":"C:\\Users\\Sravani Kumari\\Desktop\\Reactjs\\src\\utils\\cartSlice.js","statementMap":{"0":{"start":{"line":3,"column":16},"end":{"line":25,"column":2}},"1":{"start":{"line":10,"column":12},"end":{"line":10,"column":45}},"2":{"start":{"line":15,"column":12},"end":{"line":15,"column":30}},"3":{"start":{"line":19,"column":12},"end":{"line":19,"column":27}},"4":{"start":{"line":26,"column":44},"end":{"line":26,"column":61}}},"fnMap":{"0":{"name":"(anonymous_0)","decl":{"start":{"line":9,"column":16},"end":{"line":9,"column":17}},"loc":{"start":{"line":9,"column":32},"end":{"line":12,"column":9}},"line":9},"1":{"name":"(anonymous_1)","decl":{"start":{"line":14,"column":19},"end":{"line":14,"column":20}},"loc":{"start":{"line":14,"column":35},"end":{"line":17,"column":9}},"line":14},"2":{"name":"(anonymous_2)","decl":{"start":{"line":18,"column":18},"end":{"line":18,"column":19}},"loc":{"start":{"line":18,"column":27},"end":{"line":21,"column":9}},"line":18}},"branchMap":{},"s":{"0":3,"1":2,"2":0,"3":0,"4":3},"f":{"0":2,"1":0,"2":0},"b":{},"_coverageSchema":"1a1c01bbd47fc00a2c39e90264f33305004495a9","hash":"e967dae4ab61e99ae65fc26a64d0c7e4a1d67f37"}
,"C:\\Users\\Sravani Kumari\\Desktop\\Reactjs\\src\\utils\\helper.js": {"path":"C:\\Users\\Sravani Kumari\\Desktop\\Reactjs\\src\\utils\\helper.js","statementMap":{"0":{"start":{"line":2,"column":4},"end":{"line":2,"column":118}},"1":{"start":{"line":2,"column":44},"end":{"line":2,"column":117}}},"fnMap":{"0":{"name":"filterData","decl":{"start":{"line":1,"column":16},"end":{"line":1,"column":26}},"loc":{"start":{"line":1,"column":50},"end":{"line":3,"column":2}},"line":1},"1":{"name":"(anonymous_1)","decl":{"start":{"line":2,"column":30},"end":{"line":2,"column":31}},"loc":{"start":{"line":2,"column":44},"end":{"line":2,"column":117}},"line":2}},"branchMap":{},"s":{"0":1,"1":20},"f":{"0":1,"1":20},"b":{},"_coverageSchema":"1a1c01bbd47fc00a2c39e90264f33305004495a9","hash":"79e214614a16f89cb92bda128b16453977ecbcac"}
,"C:\\Users\\Sravani Kumari\\Desktop\\Reactjs\\src\\utils\\store.js": {"path":"C:\\Users\\Sravani Kumari\\Desktop\\Reactjs\\src\\utils\\store.js","statementMap":{"0":{"start":{"line":4,"column":12},"end":{"line":9,"column":2}}},"fnMap":{},"branchMap":{},"s":{"0":3},"f":{},"b":{},"_coverageSchema":"1a1c01bbd47fc00a2c39e90264f33305004495a9","hash":"820995d99853a442a6a7130a3379bc54f165c575"}
,"C:\\Users\\Sravani Kumari\\Desktop\\Reactjs\\src\\utils\\useGetRestaurants.js": {"path":"C:\\Users\\Sravani Kumari\\Desktop\\Reactjs\\src\\utils\\useGetRestaurants.js","statementMap":{"0":{"start":{"line":3,"column":24},"end":{"line":28,"column":1}},"1":{"start":{"line":4,"column":45},"end":{"line":4,"column":55}},"2":{"start":{"line":7,"column":4},"end":{"line":9,"column":11}},"3":{"start":{"line":8,"column":8},"end":{"line":8,"column":25}},"4":{"start":{"line":13,"column":20},"end":{"line":13,"column":167}},"5":{"start":{"line":14,"column":23},"end":{"line":14,"column":40}},"6":{"start":{"line":18,"column":22},"end":{"line":18,"column":100}},"7":{"start":{"line":19,"column":8},"end":{"line":19,"column":35}},"8":{"start":{"line":26,"column":0},"end":{"line":26,"column":22}}},"fnMap":{"0":{"name":"(anonymous_0)","decl":{"start":{"line":3,"column":24},"end":{"line":3,"column":25}},"loc":{"start":{"line":3,"column":28},"end":{"line":28,"column":1}},"line":3},"1":{"name":"(anonymous_1)","decl":{"start":{"line":7,"column":14},"end":{"line":7,"column":15}},"loc":{"start":{"line":7,"column":18},"end":{"line":9,"column":6}},"line":7},"2":{"name":"getRestaurants","decl":{"start":{"line":11,"column":20},"end":{"line":11,"column":34}},"loc":{"start":{"line":11,"column":36},"end":{"line":24,"column":5}},"line":11}},"branchMap":{},"s":{"0":1,"1":6,"2":5,"3":1,"4":1,"5":1,"6":1,"7":1,"8":5},"f":{"0":6,"1":1,"2":1},"b":{},"_coverageSchema":"1a1c01bbd47fc00a2c39e90264f33305004495a9","hash":"1fa5aeed77a170ad489a3407123e3b4f379e0bf0"}
,"C:\\Users\\Sravani Kumari\\Desktop\\Reactjs\\src\\utils\\useOnline.js": {"path":"C:\\Users\\Sravani Kumari\\Desktop\\Reactjs\\src\\utils\\useOnline.js","statementMap":{"0":{"start":{"line":2,"column":16},"end":{"line":29,"column":1}},"1":{"start":{"line":4,"column":32},"end":{"line":4,"column":46}},"2":{"start":{"line":5,"column":4},"end":{"line":25,"column":10}},"3":{"start":{"line":7,"column":27},"end":{"line":9,"column":9}},"4":{"start":{"line":8,"column":12},"end":{"line":8,"column":29}},"5":{"start":{"line":11,"column":28},"end":{"line":13,"column":9}},"6":{"start":{"line":12,"column":12},"end":{"line":12,"column":30}},"7":{"start":{"line":15,"column":8},"end":{"line":15,"column":55}},"8":{"start":{"line":17,"column":8},"end":{"line":17,"column":57}},"9":{"start":{"line":19,"column":8},"end":{"line":22,"column":9}},"10":{"start":{"line":20,"column":12},"end":{"line":20,"column":62}},"11":{"start":{"line":21,"column":12},"end":{"line":21,"column":64}},"12":{"start":{"line":28,"column":4},"end":{"line":28,"column":20}}},"fnMap":{"0":{"name":"(anonymous_0)","decl":{"start":{"line":2,"column":16},"end":{"line":2,"column":17}},"loc":{"start":{"line":2,"column":20},"end":{"line":29,"column":1}},"line":2},"1":{"name":"(anonymous_1)","decl":{"start":{"line":5,"column":14},"end":{"line":5,"column":15}},"loc":{"start":{"line":5,"column":18},"end":{"line":25,"column":5}},"line":5},"2":{"name":"(anonymous_2)","decl":{"start":{"line":7,"column":27},"end":{"line":7,"column":28}},"loc":{"start":{"line":7,"column":31},"end":{"line":9,"column":9}},"line":7},"3":{"name":"(anonymous_3)","decl":{"start":{"line":11,"column":28},"end":{"line":11,"column":29}},"loc":{"start":{"line":11,"column":32},"end":{"line":13,"column":9}},"line":11},"4":{"name":"(anonymous_4)","decl":{"start":{"line":19,"column":15},"end":{"line":19,"column":16}},"loc":{"start":{"line":19,"column":19},"end":{"line":22,"column":9}},"line":19}},"branchMap":{},"s":{"0":3,"1":11,"2":11,"3":5,"4":0,"5":5,"6":0,"7":5,"8":5,"9":5,"10":5,"11":5,"12":11},"f":{"0":11,"1":5,"2":0,"3":0,"4":5},"b":{},"_coverageSchema":"1a1c01bbd47fc00a2c39e90264f33305004495a9","hash":"9162fb3f2d09158e7d8bb625c27d82200809581e"}
}
