TN:
SF:src\config.js
FNF:0
FNH:0
DA:1,2
DA:3,2
LF:2
LH:2
BRF:0
BRH:0
end_of_record
TN:
SF:src\components\Body.js
FN:12,(anonymous_0)
FN:22,(anonymous_1)
FN:43,(anonymous_2)
FN:47,(anonymous_3)
FN:54,(anonymous_4)
FN:62,(anonymous_5)
FN:77,(anonymous_6)
FNF:7
FNH:5
FNDA:6,(anonymous_0)
FNDA:2,(anonymous_1)
FNDA:1,(anonymous_2)
FNDA:1,(anonymous_3)
FNDA:0,(anonymous_4)
FNDA:0,(anonymous_5)
FNDA:41,(anonymous_6)
DA:12,1
DA:14,6
DA:16,5
DA:19,5
DA:20,5
DA:22,5
DA:23,2
DA:26,5
DA:27,5
DA:28,0
DA:33,5
DA:39,4
DA:44,1
DA:48,1
DA:49,1
DA:54,0
DA:62,0
DA:78,41
LF:18
LH:15
BRDA:27,0,0,0
BRDA:27,0,1,5
BRDA:33,1,0,1
BRDA:33,1,1,4
BRDA:39,2,0,0
BRDA:39,2,1,4
BRDA:75,3,0,3
BRDA:75,3,1,1
BRF:8
BRH:6
end_of_record
TN:
SF:src\components\Header.js
FN:10,(anonymous_0)
FN:15,(anonymous_1)
FN:20,(anonymous_2)
FN:25,(anonymous_3)
FN:47,(anonymous_4)
FN:47,(anonymous_5)
FNF:6
FNH:3
FNDA:0,(anonymous_0)
FNDA:6,(anonymous_1)
FNDA:6,(anonymous_2)
FNDA:12,(anonymous_3)
FNDA:0,(anonymous_4)
FNDA:0,(anonymous_5)
DA:10,2
DA:12,0
DA:15,2
DA:16,6
DA:20,2
DA:21,6
DA:22,6
DA:24,6
DA:25,12
DA:26,6
DA:27,6
DA:47,0
LF:12
LH:10
BRDA:44,0,0,6
BRDA:44,0,1,0
BRDA:47,1,0,0
BRDA:47,1,1,6
BRF:4
BRH:2
end_of_record
TN:
SF:src\components\RestaurantCard.js
FN:5,(anonymous_0)
FNF:1
FNH:1
FNDA:41,(anonymous_0)
DA:5,1
DA:6,41
DA:8,41
LF:3
LH:3
BRF:0
BRH:0
end_of_record
TN:
SF:src\components\RestaurantMenu.js
FN:10,(anonymous_0)
FN:17,(anonymous_1)
FN:21,(anonymous_2)
FN:26,RestaurantsInfo
FN:66,(anonymous_4)
FN:68,(anonymous_5)
FNF:6
FNH:6
FNDA:2,(anonymous_0)
FNDA:2,(anonymous_1)
FNDA:1,(anonymous_2)
FNDA:1,RestaurantsInfo
FNDA:20,(anonymous_4)
FNDA:2,(anonymous_5)
DA:10,1
DA:11,2
DA:12,2
DA:13,2
DA:16,2
DA:17,2
DA:18,2
DA:21,2
DA:22,1
DA:23,1
DA:27,1
DA:28,1
DA:29,1
DA:30,1
DA:31,1
DA:32,1
DA:33,1
DA:34,1
DA:42,2
DA:67,20
DA:68,2
LF:21
LH:21
BRDA:42,0,0,1
BRDA:42,0,1,1
BRDA:66,1,0,1
BRDA:66,1,1,0
BRF:4
BRH:3
end_of_record
TN:
SF:src\components\ShimmerUI.js
FN:1,(anonymous_0)
FN:7,(anonymous_1)
FNF:2
FNH:2
FNDA:3,(anonymous_0)
FNDA:30,(anonymous_1)
DA:1,2
DA:3,3
DA:5,3
DA:7,30
LF:4
LH:4
BRF:0
BRH:0
end_of_record
TN:
SF:src\components\sum.js
FN:1,(anonymous_0)
FNF:1
FNH:1
FNDA:1,(anonymous_0)
DA:1,1
LF:1
LH:1
BRF:0
BRH:0
end_of_record
TN:
SF:src\mocks\data.js
FNF:0
FNH:0
DA:1,2
DA:87621,2
LF:2
LH:2
BRF:0
BRH:0
end_of_record
TN:
SF:src\mocks\dummyLogo.js
FNF:0
FNH:0
LF:0
LH:0
BRF:0
BRH:0
end_of_record
TN:
SF:src\utils\UseContext.js
FNF:0
FNH:0
DA:3,3
LF:1
LH:1
BRF:0
BRH:0
end_of_record
TN:
SF:src\utils\cartSlice.js
FN:9,(anonymous_0)
FN:14,(anonymous_1)
FN:18,(anonymous_2)
FNF:3
FNH:1
FNDA:2,(anonymous_0)
FNDA:0,(anonymous_1)
FNDA:0,(anonymous_2)
DA:3,3
DA:10,2
DA:15,0
DA:19,0
DA:26,3
LF:5
LH:3
BRF:0
BRH:0
end_of_record
TN:
SF:src\utils\helper.js
FN:1,filterData
FN:2,(anonymous_1)
FNF:2
FNH:2
FNDA:1,filterData
FNDA:20,(anonymous_1)
DA:2,20
LF:1
LH:1
BRF:0
BRH:0
end_of_record
TN:
SF:src\utils\store.js
FNF:0
FNH:0
DA:4,3
LF:1
LH:1
BRF:0
BRH:0
end_of_record
TN:
SF:src\utils\useGetRestaurants.js
FN:3,(anonymous_0)
FN:7,(anonymous_1)
FN:11,getRestaurants
FNF:3
FNH:3
FNDA:6,(anonymous_0)
FNDA:1,(anonymous_1)
FNDA:1,getRestaurants
DA:3,1
DA:4,6
DA:7,5
DA:8,1
DA:13,1
DA:14,1
DA:18,1
DA:19,1
DA:26,5
LF:9
LH:9
BRF:0
BRH:0
end_of_record
TN:
SF:src\utils\useOnline.js
FN:2,(anonymous_0)
FN:5,(anonymous_1)
FN:7,(anonymous_2)
FN:11,(anonymous_3)
FN:19,(anonymous_4)
FNF:5
FNH:3
FNDA:11,(anonymous_0)
FNDA:5,(anonymous_1)
FNDA:0,(anonymous_2)
FNDA:0,(anonymous_3)
FNDA:5,(anonymous_4)
DA:2,3
DA:4,11
DA:5,11
DA:7,5
DA:8,0
DA:11,5
DA:12,0
DA:15,5
DA:17,5
DA:19,5
DA:20,5
DA:21,5
DA:28,11
LF:13
LH:11
BRF:0
BRH:0
end_of_record
